Build started 10/21/2015 2:57:14 AM.
     1>Project "C:\Users\Jonathan\Desktop\3D Game Development\3D Game Development\3D Game Development.vcxproj" on node 2 (build target(s)).
     1>InitializeBuildStatus:
         Creating "Debug\3D Game Development.unsuccessfulbuild" because "AlwaysCreate" was specified.
       ClCompile:
         C:\Program Files (x86)\Microsoft Visual Studio 10.0\VC\bin\CL.exe /c /ZI /nologo /W3 /WX- /Od /Oy- /D WIN32 /D _DEBUG /D _WINDOWS /D _UNICODE /D UNICODE /Gm /EHsc /RTC1 /MDd /GS /fp:precise /Zc:wchar_t /Zc:forScope /Fo"Debug\\" /Fd"Debug\vc100.pdb" /Gd /TP /analyze- /errorReport:prompt 3dgame.cpp graphics.cpp logger.cpp model.cpp obj.cpp shader.cpp sprite.cpp vector.cpp
         vector.cpp
         sprite.cpp
         shader.cpp
     1>c:\users\jonathan\desktop\3d game development\3d game development\shader.cpp(55): warning C4996: 'fopen': This function or variable may be unsafe. Consider using fopen_s instead. To disable deprecation, use _CRT_SECURE_NO_WARNINGS. See online help for details.
                 c:\program files (x86)\microsoft visual studio 10.0\vc\include\stdio.h(234) : see declaration of 'fopen'
     1>c:\users\jonathan\desktop\3d game development\3d game development\shader.cpp(61): warning C4996: 'fscanf': This function or variable may be unsafe. Consider using fscanf_s instead. To disable deprecation, use _CRT_SECURE_NO_WARNINGS. See online help for details.
                 c:\program files (x86)\microsoft visual studio 10.0\vc\include\stdio.h(253) : see declaration of 'fscanf'
     1>c:\users\jonathan\desktop\3d game development\3d game development\shader.cpp(84): warning C4996: 'sprintf': This function or variable may be unsafe. Consider using sprintf_s instead. To disable deprecation, use _CRT_SECURE_NO_WARNINGS. See online help for details.
                 c:\program files (x86)\microsoft visual studio 10.0\vc\include\stdio.h(371) : see declaration of 'sprintf'
     1>c:\users\jonathan\desktop\3d game development\3d game development\shader.cpp(87): warning C4996: 'sprintf': This function or variable may be unsafe. Consider using sprintf_s instead. To disable deprecation, use _CRT_SECURE_NO_WARNINGS. See online help for details.
                 c:\program files (x86)\microsoft visual studio 10.0\vc\include\stdio.h(371) : see declaration of 'sprintf'
     1>c:\users\jonathan\desktop\3d game development\3d game development\shader.cpp(90): warning C4996: 'sprintf': This function or variable may be unsafe. Consider using sprintf_s instead. To disable deprecation, use _CRT_SECURE_NO_WARNINGS. See online help for details.
                 c:\program files (x86)\microsoft visual studio 10.0\vc\include\stdio.h(371) : see declaration of 'sprintf'
         obj.cpp
     1>c:\users\jonathan\desktop\3d game development\3d game development\obj.cpp(110): warning C4996: 'fscanf': This function or variable may be unsafe. Consider using fscanf_s instead. To disable deprecation, use _CRT_SECURE_NO_WARNINGS. See online help for details.
                 c:\program files (x86)\microsoft visual studio 10.0\vc\include\stdio.h(253) : see declaration of 'fscanf'
     1>c:\users\jonathan\desktop\3d game development\3d game development\obj.cpp(207): warning C4996: 'fscanf': This function or variable may be unsafe. Consider using fscanf_s instead. To disable deprecation, use _CRT_SECURE_NO_WARNINGS. See online help for details.
                 c:\program files (x86)\microsoft visual studio 10.0\vc\include\stdio.h(253) : see declaration of 'fscanf'
     1>c:\users\jonathan\desktop\3d game development\3d game development\obj.cpp(221): warning C4996: 'fscanf': This function or variable may be unsafe. Consider using fscanf_s instead. To disable deprecation, use _CRT_SECURE_NO_WARNINGS. See online help for details.
                 c:\program files (x86)\microsoft visual studio 10.0\vc\include\stdio.h(253) : see declaration of 'fscanf'
     1>c:\users\jonathan\desktop\3d game development\3d game development\obj.cpp(233): warning C4996: 'fscanf': This function or variable may be unsafe. Consider using fscanf_s instead. To disable deprecation, use _CRT_SECURE_NO_WARNINGS. See online help for details.
                 c:\program files (x86)\microsoft visual studio 10.0\vc\include\stdio.h(253) : see declaration of 'fscanf'
     1>c:\users\jonathan\desktop\3d game development\3d game development\obj.cpp(242): warning C4996: 'fscanf': This function or variable may be unsafe. Consider using fscanf_s instead. To disable deprecation, use _CRT_SECURE_NO_WARNINGS. See online help for details.
                 c:\program files (x86)\microsoft visual studio 10.0\vc\include\stdio.h(253) : see declaration of 'fscanf'
     1>c:\users\jonathan\desktop\3d game development\3d game development\obj.cpp(262): warning C4996: 'fscanf': This function or variable may be unsafe. Consider using fscanf_s instead. To disable deprecation, use _CRT_SECURE_NO_WARNINGS. See online help for details.
                 c:\program files (x86)\microsoft visual studio 10.0\vc\include\stdio.h(253) : see declaration of 'fscanf'
     1>c:\users\jonathan\desktop\3d game development\3d game development\obj.cpp(334): warning C4018: '<' : signed/unsigned mismatch
     1>c:\users\jonathan\desktop\3d game development\3d game development\obj.cpp(386): warning C4996: 'fopen': This function or variable may be unsafe. Consider using fopen_s instead. To disable deprecation, use _CRT_SECURE_NO_WARNINGS. See online help for details.
                 c:\program files (x86)\microsoft visual studio 10.0\vc\include\stdio.h(234) : see declaration of 'fopen'
     1>c:\users\jonathan\desktop\3d game development\3d game development\obj.cpp(443): warning C4018: '<' : signed/unsigned mismatch
         model.cpp
         logger.cpp
     1>c:\users\jonathan\desktop\3d game development\3d game development\logger.cpp(21): warning C4996: 'fopen': This function or variable may be unsafe. Consider using fopen_s instead. To disable deprecation, use _CRT_SECURE_NO_WARNINGS. See online help for details.
                 c:\program files (x86)\microsoft visual studio 10.0\vc\include\stdio.h(234) : see declaration of 'fopen'
     1>c:\users\jonathan\desktop\3d game development\3d game development\logger.cpp(25): warning C4996: 'fopen': This function or variable may be unsafe. Consider using fopen_s instead. To disable deprecation, use _CRT_SECURE_NO_WARNINGS. See online help for details.
                 c:\program files (x86)\microsoft visual studio 10.0\vc\include\stdio.h(234) : see declaration of 'fopen'
         graphics.cpp
     1>c:\users\jonathan\desktop\3d game development\3d game development\graphics.cpp(136): warning C4305: 'initializing' : truncation from 'double' to 'GLfloat'
     1>c:\users\jonathan\desktop\3d game development\3d game development\graphics.cpp(136): warning C4305: 'initializing' : truncation from 'double' to 'GLfloat'
     1>c:\users\jonathan\desktop\3d game development\3d game development\graphics.cpp(136): warning C4305: 'initializing' : truncation from 'double' to 'GLfloat'
     1>c:\users\jonathan\desktop\3d game development\3d game development\graphics.cpp(142): warning C4305: 'initializing' : truncation from 'double' to 'GLfloat'
     1>c:\users\jonathan\desktop\3d game development\3d game development\graphics.cpp(142): warning C4305: 'initializing' : truncation from 'double' to 'GLfloat'
     1>c:\users\jonathan\desktop\3d game development\3d game development\graphics.cpp(142): warning C4305: 'initializing' : truncation from 'double' to 'GLfloat'
     1>c:\users\jonathan\desktop\3d game development\3d game development\graphics.cpp(162): warning C4305: 'argument' : truncation from 'double' to 'GLfloat'
     1>c:\users\jonathan\desktop\3d game development\3d game development\graphics.cpp(163): warning C4305: 'argument' : truncation from 'double' to 'GLfloat'
     1>c:\users\jonathan\desktop\3d game development\3d game development\graphics.cpp(164): warning C4305: 'argument' : truncation from 'double' to 'GLfloat'
         3dgame.cpp
     1>c:\users\jonathan\desktop\3d game development\3d game development\3dgame.cpp(22): warning C4305: 'initializing' : truncation from 'double' to 'float'
     1>c:\users\jonathan\desktop\3d game development\3d game development\3dgame.cpp(90): warning C4244: 'argument' : conversion from 'double' to 'float', possible loss of data
     1>c:\users\jonathan\desktop\3d game development\3d game development\3dgame.cpp(90): warning C4244: 'argument' : conversion from 'double' to 'float', possible loss of data
     1>c:\users\jonathan\desktop\3d game development\3d game development\3dgame.cpp(90): warning C4244: 'argument' : conversion from 'double' to 'float', possible loss of data
     1>c:\users\jonathan\desktop\3d game development\3d game development\3dgame.cpp(90): warning C4244: 'argument' : conversion from 'double' to 'float', possible loss of data
     1>c:\users\jonathan\desktop\3d game development\3d game development\3dgame.cpp(90): warning C4244: 'argument' : conversion from 'double' to 'float', possible loss of data
     1>c:\users\jonathan\desktop\3d game development\3d game development\3dgame.cpp(90): warning C4244: 'argument' : conversion from 'double' to 'float', possible loss of data
     1>c:\users\jonathan\desktop\3d game development\3d game development\3dgame.cpp(101): warning C4244: 'argument' : conversion from 'double' to 'float', possible loss of data
     1>c:\users\jonathan\desktop\3d game development\3d game development\3dgame.cpp(101): warning C4244: 'argument' : conversion from 'double' to 'float', possible loss of data
     1>c:\users\jonathan\desktop\3d game development\3d game development\3dgame.cpp(101): warning C4244: 'argument' : conversion from 'double' to 'float', possible loss of data
     1>c:\users\jonathan\desktop\3d game development\3d game development\3dgame.cpp(101): warning C4244: 'argument' : conversion from 'double' to 'float', possible loss of data
     1>c:\users\jonathan\desktop\3d game development\3d game development\3dgame.cpp(101): warning C4244: 'argument' : conversion from 'double' to 'float', possible loss of data
     1>c:\users\jonathan\desktop\3d game development\3d game development\3dgame.cpp(101): warning C4244: 'argument' : conversion from 'double' to 'float', possible loss of data
     1>c:\users\jonathan\desktop\3d game development\3d game development\3dgame.cpp(112): warning C4244: 'argument' : conversion from 'double' to 'float', possible loss of data
     1>c:\users\jonathan\desktop\3d game development\3d game development\3dgame.cpp(112): warning C4244: 'argument' : conversion from 'double' to 'float', possible loss of data
     1>c:\users\jonathan\desktop\3d game development\3d game development\3dgame.cpp(112): warning C4244: 'argument' : conversion from 'double' to 'float', possible loss of data
     1>c:\users\jonathan\desktop\3d game development\3d game development\3dgame.cpp(112): warning C4244: 'argument' : conversion from 'double' to 'float', possible loss of data
     1>c:\users\jonathan\desktop\3d game development\3d game development\3dgame.cpp(112): warning C4244: 'argument' : conversion from 'double' to 'float', possible loss of data
     1>c:\users\jonathan\desktop\3d game development\3d game development\3dgame.cpp(112): warning C4244: 'argument' : conversion from 'double' to 'float', possible loss of data
     1>c:\users\jonathan\desktop\3d game development\3d game development\3dgame.cpp(123): warning C4244: 'argument' : conversion from 'double' to 'float', possible loss of data
     1>c:\users\jonathan\desktop\3d game development\3d game development\3dgame.cpp(123): warning C4244: 'argument' : conversion from 'double' to 'float', possible loss of data
     1>c:\users\jonathan\desktop\3d game development\3d game development\3dgame.cpp(123): warning C4244: 'argument' : conversion from 'double' to 'float', possible loss of data
     1>c:\users\jonathan\desktop\3d game development\3d game development\3dgame.cpp(123): warning C4244: 'argument' : conversion from 'double' to 'float', possible loss of data
     1>c:\users\jonathan\desktop\3d game development\3d game development\3dgame.cpp(123): warning C4244: 'argument' : conversion from 'double' to 'float', possible loss of data
     1>c:\users\jonathan\desktop\3d game development\3d game development\3dgame.cpp(123): warning C4244: 'argument' : conversion from 'double' to 'float', possible loss of data
         Generating Code...
       ManifestResourceCompile:
         C:\Program Files (x86)\Microsoft SDKs\Windows\v7.0A\bin\rc.exe /nologo /fo"Debug\3D Game Development.exe.embed.manifest.res" "Debug\3D Game Development_manifest.rc" 
       Link:
         C:\Program Files (x86)\Microsoft Visual Studio 10.0\VC\bin\link.exe /ERRORREPORT:PROMPT /OUT:"C:\Users\Jonathan\Desktop\3D Game Development\3D Game Development\Debug\3D Game Development.exe" /INCREMENTAL /NOLOGO kernel32.lib user32.lib gdi32.lib winspool.lib comdlg32.lib advapi32.lib shell32.lib ole32.lib oleaut32.lib uuid.lib odbc32.lib odbccp32.lib /MANIFEST /ManifestFile:"Debug\3D Game Development.exe.intermediate.manifest" /MANIFESTUAC:"level='asInvoker' uiAccess='false'" /DEBUG /PDB:"C:\Users\Jonathan\Desktop\3D Game Development\3D Game Development\Debug\3D Game Development.pdb" /SUBSYSTEM:WINDOWS /TLBID:1 /DYNAMICBASE /NXCOMPAT /IMPLIB:"C:\Users\Jonathan\Desktop\3D Game Development\3D Game Development\Debug\3D Game Development.lib" /MACHINE:X86 "Debug\3D Game Development.exe.embed.manifest.res"
         Debug\3dgame.obj
         Debug\graphics.obj
         Debug\logger.obj
         Debug\model.obj
         Debug\obj.obj
         Debug\shader.obj
         Debug\sprite.obj
         Debug\vector.obj
     1>3dgame.obj : error LNK2019: unresolved external symbol __imp__glPopMatrix@0 referenced in function _SDL_main
     1>graphics.obj : error LNK2001: unresolved external symbol __imp__glPopMatrix@0
     1>obj.obj : error LNK2001: unresolved external symbol __imp__glPopMatrix@0
     1>3dgame.obj : error LNK2019: unresolved external symbol "struct Vec4D __cdecl vec4D(float,float,float,float)" (?vec4D@@YA?AUVec4D@@MMMM@Z) referenced in function _SDL_main
     1>3dgame.obj : error LNK2019: unresolved external symbol "void __cdecl setCamera(struct Vec3D,struct Vec3D)" (?setCamera@@YAXUVec3D@@0@Z) referenced in function _SDL_main
     1>3dgame.obj : error LNK2019: unresolved external symbol __imp__glPushMatrix@0 referenced in function _SDL_main
     1>graphics.obj : error LNK2001: unresolved external symbol __imp__glPushMatrix@0
     1>obj.obj : error LNK2001: unresolved external symbol __imp__glPushMatrix@0
     1>3dgame.obj : error LNK2019: unresolved external symbol "struct Vec3D __cdecl vec3D(float,float,float)" (?vec3D@@YA?AUVec3D@@MMM@Z) referenced in function _SDL_main
     1>3dgame.obj : error LNK2019: unresolved external symbol _SDL_PollEvent referenced in function _SDL_main
     1>3dgame.obj : error LNK2001: unresolved external symbol __imp____glewBufferData
     1>3dgame.obj : error LNK2001: unresolved external symbol __imp____glewBindBuffer
     1>3dgame.obj : error LNK2001: unresolved external symbol __imp____glewGenBuffers
     1>3dgame.obj : error LNK2001: unresolved external symbol __imp____glewBindVertexArray
     1>3dgame.obj : error LNK2001: unresolved external symbol __imp____glewGenVertexArrays
     1>3dgame.obj : error LNK2019: unresolved external symbol __imp__glTranslatef@12 referenced in function "void __cdecl setCamer(struct Vec3D,struct Vec3D)" (?setCamer@@YAXUVec3D@@0@Z)
     1>obj.obj : error LNK2001: unresolved external symbol __imp__glTranslatef@12
     1>3dgame.obj : error LNK2019: unresolved external symbol __imp__glRotatef@16 referenced in function "void __cdecl setCamer(struct Vec3D,struct Vec3D)" (?setCamer@@YAXUVec3D@@0@Z)
     1>obj.obj : error LNK2001: unresolved external symbol __imp__glRotatef@16
     1>graphics.obj : error LNK2019: unresolved external symbol "void __cdecl graphicsSetupDefLight(void)" (?graphicsSetupDefLight@@YAXXZ) referenced in function "int __cdecl graphicsInit(int,int,int,char const *,unsigned int)" (?graphicsInit@@YAHHHHPBDI@Z)
     1>graphics.obj : error LNK2019: unresolved external symbol __imp__glHint@8 referenced in function "int __cdecl graphicsInit(int,int,int,char const *,unsigned int)" (?graphicsInit@@YAHHHHPBDI@Z)
     1>graphics.obj : error LNK2019: unresolved external symbol __imp__glDepthFunc@4 referenced in function "int __cdecl graphicsInit(int,int,int,char const *,unsigned int)" (?graphicsInit@@YAHHHHPBDI@Z)
     1>obj.obj : error LNK2001: unresolved external symbol __imp__glDepthFunc@4
     1>graphics.obj : error LNK2019: unresolved external symbol __imp__glEnable@4 referenced in function "int __cdecl graphicsInit(int,int,int,char const *,unsigned int)" (?graphicsInit@@YAHHHHPBDI@Z)
     1>obj.obj : error LNK2001: unresolved external symbol __imp__glEnable@4
     1>graphics.obj : error LNK2019: unresolved external symbol __imp__glClear@4 referenced in function "int __cdecl graphicsInit(int,int,int,char const *,unsigned int)" (?graphicsInit@@YAHHHHPBDI@Z)
     1>graphics.obj : error LNK2019: unresolved external symbol __imp__glClearColor@16 referenced in function "int __cdecl graphicsInit(int,int,int,char const *,unsigned int)" (?graphicsInit@@YAHHHHPBDI@Z)
     1>graphics.obj : error LNK2019: unresolved external symbol _gluPerspective@32 referenced in function "int __cdecl graphicsInit(int,int,int,char const *,unsigned int)" (?graphicsInit@@YAHHHHPBDI@Z)
     1>graphics.obj : error LNK2019: unresolved external symbol __imp__glLoadIdentity@0 referenced in function "int __cdecl graphicsInit(int,int,int,char const *,unsigned int)" (?graphicsInit@@YAHHHHPBDI@Z)
     1>graphics.obj : error LNK2019: unresolved external symbol __imp__glMatrixMode@4 referenced in function "int __cdecl graphicsInit(int,int,int,char const *,unsigned int)" (?graphicsInit@@YAHHHHPBDI@Z)
     1>graphics.obj : error LNK2019: unresolved external symbol __imp__glViewport@16 referenced in function "int __cdecl graphicsInit(int,int,int,char const *,unsigned int)" (?graphicsInit@@YAHHHHPBDI@Z)
     1>graphics.obj : error LNK2019: unresolved external symbol __imp__glewGetErrorString@4 referenced in function "int __cdecl graphicsInit(int,int,int,char const *,unsigned int)" (?graphicsInit@@YAHHHHPBDI@Z)
     1>graphics.obj : error LNK2019: unresolved external symbol __imp__glewInit@0 referenced in function "int __cdecl graphicsInit(int,int,int,char const *,unsigned int)" (?graphicsInit@@YAHHHHPBDI@Z)
     1>graphics.obj : error LNK2001: unresolved external symbol __imp__glewExperimental
     1>graphics.obj : error LNK2019: unresolved external symbol _SDL_GL_SetAttribute referenced in function "int __cdecl graphicsInit(int,int,int,char const *,unsigned int)" (?graphicsInit@@YAHHHHPBDI@Z)
     1>graphics.obj : error LNK2019: unresolved external symbol _SDL_GL_MakeCurrent referenced in function "int __cdecl graphicsInit(int,int,int,char const *,unsigned int)" (?graphicsInit@@YAHHHHPBDI@Z)
     1>graphics.obj : error LNK2019: unresolved external symbol __imp__glGetString@4 referenced in function "int __cdecl graphicsInit(int,int,int,char const *,unsigned int)" (?graphicsInit@@YAHHHHPBDI@Z)
     1>graphics.obj : error LNK2019: unresolved external symbol _SDL_GL_CreateContext referenced in function "int __cdecl graphicsInit(int,int,int,char const *,unsigned int)" (?graphicsInit@@YAHHHHPBDI@Z)
     1>graphics.obj : error LNK2019: unresolved external symbol _SDL_CreateWindow referenced in function "int __cdecl graphicsInit(int,int,int,char const *,unsigned int)" (?graphicsInit@@YAHHHHPBDI@Z)
     1>graphics.obj : error LNK2019: unresolved external symbol _SDL_Quit referenced in function "int __cdecl graphicsInit(int,int,int,char const *,unsigned int)" (?graphicsInit@@YAHHHHPBDI@Z)
     1>graphics.obj : error LNK2019: unresolved external symbol _SDL_Init referenced in function "int __cdecl graphicsInit(int,int,int,char const *,unsigned int)" (?graphicsInit@@YAHHHHPBDI@Z)
     1>graphics.obj : error LNK2019: unresolved external symbol _SDL_GL_DeleteContext referenced in function "void __cdecl graphicsClose(void)" (?graphicsClose@@YAXXZ)
     1>graphics.obj : error LNK2019: unresolved external symbol _SDL_Delay referenced in function "void __cdecl graphicsNextFrame(void)" (?graphicsNextFrame@@YAXXZ)
     1>graphics.obj : error LNK2019: unresolved external symbol _SDL_GetTicks referenced in function "void __cdecl graphicsNextFrame(void)" (?graphicsNextFrame@@YAXXZ)
     1>graphics.obj : error LNK2019: unresolved external symbol _SDL_GL_SwapWindow referenced in function "void __cdecl graphicsNextFrame(void)" (?graphicsNextFrame@@YAXXZ)
     1>graphics.obj : error LNK2019: unresolved external symbol __imp__glLightf@12 referenced in function "void __cdecl graphics3d_setup_default_light(void)" (?graphics3d_setup_default_light@@YAXXZ)
     1>graphics.obj : error LNK2019: unresolved external symbol __imp__glLightfv@12 referenced in function "void __cdecl graphics3d_setup_default_light(void)" (?graphics3d_setup_default_light@@YAXXZ)
     1>graphics.obj : error LNK2019: unresolved external symbol __imp__glMaterialfv@12 referenced in function "void __cdecl graphics3d_setup_default_light(void)" (?graphics3d_setup_default_light@@YAXXZ)
     1>obj.obj : error LNK2001: unresolved external symbol __imp__glMaterialfv@12
     1>graphics.obj : error LNK2019: unresolved external symbol __imp__glLightModelfv@8 referenced in function "void __cdecl graphics3d_setup_default_light(void)" (?graphics3d_setup_default_light@@YAXXZ)
     1>obj.obj : error LNK2019: unresolved external symbol __imp__glDisable@4 referenced in function "void __cdecl objDraw(struct Obj *,struct Vec3D,struct Vec3D,struct Vec3D,struct Vec4D,struct spriteT *)" (?objDraw@@YAXPAUObj@@UVec3D@@11UVec4D@@PAUspriteT@@@Z)
     1>obj.obj : error LNK2019: unresolved external symbol __imp__glColor4f@16 referenced in function "void __cdecl objDraw(struct Obj *,struct Vec3D,struct Vec3D,struct Vec3D,struct Vec4D,struct spriteT *)" (?objDraw@@YAXPAUObj@@UVec3D@@11UVec4D@@PAUspriteT@@@Z)
     1>obj.obj : error LNK2019: unresolved external symbol __imp__glEnd@0 referenced in function "void __cdecl objDraw(struct Obj *,struct Vec3D,struct Vec3D,struct Vec3D,struct Vec4D,struct spriteT *)" (?objDraw@@YAXPAUObj@@UVec3D@@11UVec4D@@PAUspriteT@@@Z)
     1>obj.obj : error LNK2019: unresolved external symbol __imp__glVertex3f@12 referenced in function "void __cdecl objDraw(struct Obj *,struct Vec3D,struct Vec3D,struct Vec3D,struct Vec4D,struct spriteT *)" (?objDraw@@YAXPAUObj@@UVec3D@@11UVec4D@@PAUspriteT@@@Z)
     1>obj.obj : error LNK2019: unresolved external symbol __imp__glTexCoord2f@8 referenced in function "void __cdecl objDraw(struct Obj *,struct Vec3D,struct Vec3D,struct Vec3D,struct Vec4D,struct spriteT *)" (?objDraw@@YAXPAUObj@@UVec3D@@11UVec4D@@PAUspriteT@@@Z)
     1>obj.obj : error LNK2019: unresolved external symbol __imp__glNormal3f@12 referenced in function "void __cdecl objDraw(struct Obj *,struct Vec3D,struct Vec3D,struct Vec3D,struct Vec4D,struct spriteT *)" (?objDraw@@YAXPAUObj@@UVec3D@@11UVec4D@@PAUspriteT@@@Z)
     1>obj.obj : error LNK2019: unresolved external symbol __imp__glBegin@4 referenced in function "void __cdecl objDraw(struct Obj *,struct Vec3D,struct Vec3D,struct Vec3D,struct Vec4D,struct spriteT *)" (?objDraw@@YAXPAUObj@@UVec3D@@11UVec4D@@PAUspriteT@@@Z)
     1>obj.obj : error LNK2019: unresolved external symbol __imp__glColor3f@12 referenced in function "void __cdecl objDraw(struct Obj *,struct Vec3D,struct Vec3D,struct Vec3D,struct Vec4D,struct spriteT *)" (?objDraw@@YAXPAUObj@@UVec3D@@11UVec4D@@PAUspriteT@@@Z)
     1>obj.obj : error LNK2019: unresolved external symbol __imp__glScalef@12 referenced in function "void __cdecl objDraw(struct Obj *,struct Vec3D,struct Vec3D,struct Vec3D,struct Vec4D,struct spriteT *)" (?objDraw@@YAXPAUObj@@UVec3D@@11UVec4D@@PAUspriteT@@@Z)
     1>obj.obj : error LNK2019: unresolved external symbol __imp__glBindTexture@8 referenced in function "void __cdecl objDraw(struct Obj *,struct Vec3D,struct Vec3D,struct Vec3D,struct Vec4D,struct spriteT *)" (?objDraw@@YAXPAUObj@@UVec3D@@11UVec4D@@PAUspriteT@@@Z)
     1>sprite.obj : error LNK2001: unresolved external symbol __imp__glBindTexture@8
     1>obj.obj : error LNK2019: unresolved external symbol __imp__glBlendFunc@8 referenced in function "void __cdecl objDraw(struct Obj *,struct Vec3D,struct Vec3D,struct Vec3D,struct Vec4D,struct spriteT *)" (?objDraw@@YAXPAUObj@@UVec3D@@11UVec4D@@PAUspriteT@@@Z)
     1>obj.obj : error LNK2019: unresolved external symbol __imp__glColorMaterial@8 referenced in function "void __cdecl objDraw(struct Obj *,struct Vec3D,struct Vec3D,struct Vec3D,struct Vec4D,struct spriteT *)" (?objDraw@@YAXPAUObj@@UVec3D@@11UVec4D@@PAUspriteT@@@Z)
     1>shader.obj : error LNK2001: unresolved external symbol __imp____glewDetachShader
     1>shader.obj : error LNK2001: unresolved external symbol __imp____glewGetProgramInfoLog
     1>shader.obj : error LNK2001: unresolved external symbol __imp____glewGetProgramiv
     1>shader.obj : error LNK2001: unresolved external symbol __imp____glewLinkProgram
     1>shader.obj : error LNK2001: unresolved external symbol __imp____glewAttachShader
     1>shader.obj : error LNK2001: unresolved external symbol __imp____glewCreateProgram
     1>shader.obj : error LNK2001: unresolved external symbol __imp____glewGetShaderInfoLog
     1>shader.obj : error LNK2001: unresolved external symbol __imp____glewGetShaderiv
     1>shader.obj : error LNK2001: unresolved external symbol __imp____glewCompileShader
     1>shader.obj : error LNK2001: unresolved external symbol __imp____glewShaderSource
     1>shader.obj : error LNK2001: unresolved external symbol __imp____glewCreateShader
     1>sprite.obj : error LNK2019: unresolved external symbol __imp__glTexParameteri@12 referenced in function "struct spriteT * __cdecl loadSprite(char *,int,int)" (?loadSprite@@YAPAUspriteT@@PADHH@Z)
     1>sprite.obj : error LNK2019: unresolved external symbol __imp__glTexImage2D@36 referenced in function "struct spriteT * __cdecl loadSprite(char *,int,int)" (?loadSprite@@YAPAUspriteT@@PADHH@Z)
     1>sprite.obj : error LNK2019: unresolved external symbol __imp__glGenTextures@8 referenced in function "struct spriteT * __cdecl loadSprite(char *,int,int)" (?loadSprite@@YAPAUspriteT@@PADHH@Z)
     1>sprite.obj : error LNK2019: unresolved external symbol _SDL_GetError referenced in function "struct spriteT * __cdecl loadSprite(char *,int,int)" (?loadSprite@@YAPAUspriteT@@PADHH@Z)
     1>sprite.obj : error LNK2019: unresolved external symbol _IMG_Load referenced in function "struct spriteT * __cdecl loadSprite(char *,int,int)" (?loadSprite@@YAPAUspriteT@@PADHH@Z)
     1>sprite.obj : error LNK2019: unresolved external symbol _SDL_FreeSurface referenced in function "void __cdecl deleteSprite(struct spriteT *)" (?deleteSprite@@YAXPAUspriteT@@@Z)
     1>MSVCRTD.lib(crtexew.obj) : error LNK2019: unresolved external symbol _WinMain@16 referenced in function ___tmainCRTStartup
     1>C:\Users\Jonathan\Desktop\3D Game Development\3D Game Development\Debug\3D Game Development.exe : fatal error LNK1120: 71 unresolved externals
     1>Done Building Project "C:\Users\Jonathan\Desktop\3D Game Development\3D Game Development\3D Game Development.vcxproj" (build target(s)) -- FAILED.

Build FAILED.

Time Elapsed 00:00:02.52
