Build started 10/28/2015 3:30:22 PM.
     1>Project "C:\Users\Jonathan\Desktop\3D Game Development\3D Game Development\3D Game Development.vcxproj" on node 2 (build target(s)).
     1>InitializeBuildStatus:
         Creating "Release\3D Game Development.unsuccessfulbuild" because "AlwaysCreate" was specified.
       ClCompile:
         C:\Program Files (x86)\Microsoft Visual Studio 10.0\VC\bin\CL.exe /c /Zi /nologo /W3 /WX- /O2 /Oi /Oy- /GL /D WIN32 /D NDEBUG /D _WINDOWS /D _UNICODE /D UNICODE /Gm- /EHsc /MD /GS /Gy /fp:precise /Zc:wchar_t /Zc:forScope /Fo"Release\\" /Fd"Release\vc100.pdb" /Gd /TP /analyze- /errorReport:prompt 3dgame.cpp
         3dgame.cpp
     1>3dgame.cpp(28): warning C4305: 'initializing' : truncation from 'double' to 'float'
       Link:
         C:\Program Files (x86)\Microsoft Visual Studio 10.0\VC\bin\link.exe /ERRORREPORT:PROMPT /OUT:"C:\Users\Jonathan\Desktop\3D Game Development\3D Game Development\Release\3D Game Development.exe" /INCREMENTAL:NO /NOLOGO SDL2.lib SDL2main.lib opengl32.lib glew32.lib glu32.lib SDL_image.lib kernel32.lib user32.lib gdi32.lib winspool.lib comdlg32.lib advapi32.lib shell32.lib ole32.lib oleaut32.lib uuid.lib odbc32.lib odbccp32.lib /MANIFEST /ManifestFile:"Release\3D Game Development.exe.intermediate.manifest" /MANIFESTUAC:"level='asInvoker' uiAccess='false'" /DEBUG /PDB:"C:\Users\Jonathan\Desktop\3D Game Development\3D Game Development\Release\3D Game Development.pdb" /SUBSYSTEM:WINDOWS /OPT:REF /OPT:ICF /LTCG /TLBID:1 /DYNAMICBASE /NXCOMPAT /IMPLIB:"C:\Users\Jonathan\Desktop\3D Game Development\3D Game Development\Release\3D Game Development.lib" /MACHINE:X86 Release\3dgame.obj
         Release\collision.obj
         Release\graphics.obj
         Release\logger.obj
         Release\model.obj
         Release\obj.obj
         Release\shader.obj
         Release\sprite.obj
         Release\vector.obj
         Generating code
         Finished generating code
         3D Game Development.vcxproj -> C:\Users\Jonathan\Desktop\3D Game Development\3D Game Development\Release\3D Game Development.exe
       Manifest:
         C:\Program Files (x86)\Microsoft SDKs\Windows\v7.0A\bin\mt.exe /nologo /verbose /outputresource:"C:\Users\Jonathan\Desktop\3D Game Development\3D Game Development\Release\3D Game Development.exe;#1" /manifest "Release\3D Game Development.exe.intermediate.manifest"
       FinalizeBuildStatus:
         Deleting file "Release\3D Game Development.unsuccessfulbuild".
         Touching "Release\3D Game Development.lastbuildstate".
     1>Done Building Project "C:\Users\Jonathan\Desktop\3D Game Development\3D Game Development\3D Game Development.vcxproj" (build target(s)).

Build succeeded.

Time Elapsed 00:00:01.03
